<?xml version="1.0" encoding="UTF-8"?>
<!-- Generated by org.testng.reporters.JUnitXMLReporter -->
<testsuite ignored="0" hostname="CANTRN565456L" failures="0" tests="2" name="firefox test" time="14.817" errors="0" timestamp="2024-01-15T14:53:36 EST">
  <testcase classname="day37_ParallelTesting_InvocationCount.ParamTest" name="testLogo" time="0.043"/>
  <testcase classname="day37_ParallelTesting_InvocationCount.ParamTest" name="testHomePageTitle" time="0.006"/>
</testsuite> <!-- firefox test -->
