<?xml version="1.0" encoding="UTF-8"?>
<!-- Generated by org.testng.reporters.JUnitXMLReporter -->
<testsuite ignored="0" hostname="Arjavkumar" failures="0" tests="2" name="Default test" time="0.072" errors="0" timestamp="2024-02-19T13:02:39 EST">
  <testcase classname="day35_Annotations_DependencyMethods_Assert.HardVsSoftAssertions" name="test_hardassertions" time="0.011"/>
  <testcase classname="day35_Annotations_DependencyMethods_Assert.HardVsSoftAssertions" name="test_softassertions" time="0.006"/>
</testsuite> <!-- Default test -->
