<?xml version="1.0" encoding="UTF-8"?>
<!-- Generated by org.testng.reporters.JUnitXMLReporter -->
<testsuite ignored="0" hostname="CANTRN565456L" failures="0" tests="3" name="Default test" time="7.416" errors="0" timestamp="2024-01-14T13:03:20 EST">
  <testcase classname="day34_IntroTestNG_Annotation.SecondTest" name="openApp" time="6.395"/>
  <testcase classname="day34_IntroTestNG_Annotation.SecondTest" name="login" time="0.528"/>
  <testcase classname="day34_IntroTestNG_Annotation.SecondTest" name="closeApp" time="0.455"/>
</testsuite> <!-- Default test -->
