<?xml version="1.0" encoding="UTF-8"?>
<!-- Generated by org.testng.reporters.JUnitXMLReporter -->
<testsuite ignored="6" hostname="CANTRN565456L" failures="0" tests="3" name="Test" time="0.045" errors="0" timestamp="2024-01-15T11:41:45 EST">
  <testcase classname="day36_DataProviders_Grouping.Grouping" name="signupbyfacebook" time="0.007"/>
  <testcase classname="day36_DataProviders_Grouping.Grouping" name="signupbytwitter" time="0.001"/>
  <testcase classname="day36_DataProviders_Grouping.Grouping" name="paymentReturnbyBank" time="0.001"/>
  <testcase classname="day36_DataProviders_Grouping.Grouping" name="loginByEmail" time="0.0">
    <ignored/>
  </testcase> <!-- loginByEmail -->
  <testcase classname="day36_DataProviders_Grouping.Grouping" name="loginByfacebook" time="0.0">
    <ignored/>
  </testcase> <!-- loginByfacebook -->
  <testcase classname="day36_DataProviders_Grouping.Grouping" name="signupbyemail" time="0.0">
    <ignored/>
  </testcase> <!-- signupbyemail -->
  <testcase classname="day36_DataProviders_Grouping.Grouping" name="paymentindollar" time="0.0">
    <ignored/>
  </testcase> <!-- paymentindollar -->
  <testcase classname="day36_DataProviders_Grouping.Grouping" name="paymentinrupees" time="0.0">
    <ignored/>
  </testcase> <!-- paymentinrupees -->
  <testcase classname="day36_DataProviders_Grouping.Grouping" name="loginBytwitter" time="0.0">
    <ignored/>
  </testcase> <!-- loginBytwitter -->
</testsuite> <!-- Test -->
