<?xml version="1.0" encoding="UTF-8"?>
<!-- Generated by org.testng.reporters.JUnitXMLReporter -->
<testsuite ignored="0" hostname="CANTRN565456L" failures="1" tests="3" name="Test" time="11.749" errors="0" timestamp="2024-01-15T15:38:02 EST">
  <testcase classname="day38_TestNG_Listeners_ExtentReports.NopCommerceTests" name="testLogo" time="0.057"/>
  <testcase classname="day38_TestNG_Listeners_ExtentReports.NopCommerceTests" name="testLogin" time="6.992">
    <failure type="java.lang.AssertionError" message="expected [false] but found [true]">
      <![CDATA[java.lang.AssertionError: expected [false] but found [true]
at day38_TestNG_Listeners_ExtentReports.NopCommerceTests.testLogin(NopCommerceTests.java:60)
at java.base/java.util.ArrayList.forEach(ArrayList.java:1511)
... Removed 33 stack frames]]>
    </failure>
  </testcase> <!-- testLogin -->
  <testcase classname="day38_TestNG_Listeners_ExtentReports.NopCommerceTests" name="testLogout" time="0.0">
    <skipped/>
  </testcase> <!-- testLogout -->
</testsuite> <!-- Test -->
