<?xml version="1.0" encoding="UTF-8"?>
<testng-results ignored="0" total="4" passed="4" failed="0" skipped="0">
  <reporter-output>
  </reporter-output>
  <suite started-at="2024-01-15T14:53:22 EST" name="mysuite" finished-at="2024-01-15T14:53:36 EST" duration-ms="14817">
    <groups>
    </groups>
    <test started-at="2024-01-15T14:53:22 EST" name="edge test" finished-at="2024-01-15T14:53:33 EST" duration-ms="11863">
      <class name="day37_ParallelTesting_InvocationCount.ParamTest">
        <test-method is-config="true" signature="setup(java.lang.String,java.lang.String)[pri:0, instance:day37_ParallelTesting_InvocationCount.ParamTest@6cd28fa7]" started-at="2024-01-15T14:53:22 EST" name="setup" finished-at="2024-01-15T14:53:33 EST" duration-ms="11182" status="PASS">
          <params>
            <param index="0">
              <value>
                <![CDATA[edge]]>
              </value>
            </param>
            <param index="1">
              <value>
                <![CDATA[https://opensource-demo.orangehrmlive.com/]]>
              </value>
            </param>
          </params>
          <reporter-output>
          </reporter-output>
        </test-method> <!-- setup -->
        <test-method signature="testLogo()[pri:1, instance:day37_ParallelTesting_InvocationCount.ParamTest@6cd28fa7]" started-at="2024-01-15T14:53:33 EST" name="testLogo" finished-at="2024-01-15T14:53:33 EST" duration-ms="68" status="PASS">
          <reporter-output>
          </reporter-output>
        </test-method> <!-- testLogo -->
        <test-method signature="testHomePageTitle()[pri:2, instance:day37_ParallelTesting_InvocationCount.ParamTest@6cd28fa7]" started-at="2024-01-15T14:53:33 EST" name="testHomePageTitle" finished-at="2024-01-15T14:53:33 EST" duration-ms="12" status="PASS">
          <reporter-output>
          </reporter-output>
        </test-method> <!-- testHomePageTitle -->
        <test-method is-config="true" signature="closeApp()[pri:0, instance:day37_ParallelTesting_InvocationCount.ParamTest@6cd28fa7]" started-at="2024-01-15T14:53:33 EST" name="closeApp" finished-at="2024-01-15T14:53:33 EST" duration-ms="569" status="PASS">
          <reporter-output>
          </reporter-output>
        </test-method> <!-- closeApp -->
      </class> <!-- day37_ParallelTesting_InvocationCount.ParamTest -->
    </test> <!-- edge test -->
    <test started-at="2024-01-15T14:53:22 EST" name="firefox test" finished-at="2024-01-15T14:53:36 EST" duration-ms="14817">
      <class name="day37_ParallelTesting_InvocationCount.ParamTest">
        <test-method is-config="true" signature="setup(java.lang.String,java.lang.String)[pri:0, instance:day37_ParallelTesting_InvocationCount.ParamTest@3cebbb30]" started-at="2024-01-15T14:53:22 EST" name="setup" finished-at="2024-01-15T14:53:35 EST" duration-ms="13770" status="PASS">
          <params>
            <param index="0">
              <value>
                <![CDATA[firefox]]>
              </value>
            </param>
            <param index="1">
              <value>
                <![CDATA[https://opensource-demo.orangehrmlive.com/]]>
              </value>
            </param>
          </params>
          <reporter-output>
          </reporter-output>
        </test-method> <!-- setup -->
        <test-method signature="testLogo()[pri:1, instance:day37_ParallelTesting_InvocationCount.ParamTest@3cebbb30]" started-at="2024-01-15T14:53:35 EST" name="testLogo" finished-at="2024-01-15T14:53:35 EST" duration-ms="43" status="PASS">
          <reporter-output>
          </reporter-output>
        </test-method> <!-- testLogo -->
        <test-method signature="testHomePageTitle()[pri:2, instance:day37_ParallelTesting_InvocationCount.ParamTest@3cebbb30]" started-at="2024-01-15T14:53:35 EST" name="testHomePageTitle" finished-at="2024-01-15T14:53:35 EST" duration-ms="6" status="PASS">
          <reporter-output>
          </reporter-output>
        </test-method> <!-- testHomePageTitle -->
        <test-method is-config="true" signature="closeApp()[pri:0, instance:day37_ParallelTesting_InvocationCount.ParamTest@3cebbb30]" started-at="2024-01-15T14:53:35 EST" name="closeApp" finished-at="2024-01-15T14:53:36 EST" duration-ms="979" status="PASS">
          <reporter-output>
          </reporter-output>
        </test-method> <!-- closeApp -->
      </class> <!-- day37_ParallelTesting_InvocationCount.ParamTest -->
    </test> <!-- firefox test -->
  </suite> <!-- mysuite -->
</testng-results>
